This is XeTeX, Version 3.141592653-2.6-0.999995 (TeX Live 2023/Arch Linux) (preloaded format=xelatex 2023.7.20)  11 AUG 2023 17:30
entering extended mode
 restricted \write18 enabled.
 %&-line parsing enabled.
**./output/output.tex
(./output/output.tex
LaTeX2e <2022-11-01> patch level 1
L3 programming layer <2023-02-22>
(/usr/share/texmf-dist/tex/latex/exam/exam.cls
Document Class: exam 2021/02/26 Version 2.7 by Philip Hirschhorn
(/usr/share/texmf-dist/tex/latex/base/ifthen.sty
Package: ifthen 2022/04/13 v1.1d Standard LaTeX ifthen package (DPC)
)
(/usr/share/texmf-dist/tex/latex/base/article.cls
Document Class: article 2022/07/02 v1.4n Standard LaTeX document class
(/usr/share/texmf-dist/tex/latex/base/size12.clo
File: size12.clo 2022/07/02 v1.4n Standard LaTeX file (size option)
)
\c@part=\count181
\c@section=\count182
\c@subsection=\count183
\c@subsubsection=\count184
\c@paragraph=\count185
\c@subparagraph=\count186
\c@figure=\count187
\c@table=\count188
\abovecaptionskip=\skip48
\belowcaptionskip=\skip49
\bibindent=\dimen140
)
\@extrawidth=\skip50
\@rightmargin=\skip51
\@extrahead=\skip52
\@extrafoot=\skip53
\run@exhd=\skip54
\fp@exhd=\skip55
\run@exft=\skip56
\fp@exft=\skip57
\covrun@exhd=\skip58
\covfp@exhd=\skip59
\covrun@exft=\skip60
\covfp@exft=\skip61
\c@num@coverpages=\count189
\c@latest@ques=\count190
\c@ques@end=\count191
\c@last@object=\count192
\c@incmp@ques=\count193
\c@next@ques=\count194
\c@next@page=\count195
\c@tmp@hlfcntr=\count196
\c@ifpos@cntr=\count197
\c@question=\count198
\c@partno=\count199
\c@subpart=\count266
\c@subsubpart=\count267
\c@choice=\count268
\c@numpoints=\count269
\c@numbonuspoints=\count270
\c@pointsof@thisquestion=\count271
\c@bonuspointsof@thisquestion=\count272
\c@numquestions=\count273
\c@numparts=\count274
\c@numsubparts=\count275
\c@numsubsubparts=\count276
\c@Curr@Page=\count277
\c@@pagepoints=\count278
\c@@pagebonuspoints=\count279
\c@pageof@pagepoints=\count280
\c@pageof@pagebonuspoints=\count281
\c@latest@points=\count282
\c@latest@bonuspoints=\count283
\pageinfo@commands=\toks16
\temp@toks=\toks17
\pagepoint@commands=\toks18
\point@toks=\toks19
\c@ques@object=\count284
\marginpointssep=\skip62
\rightpointsmargin=\skip63
\choice@toks=\toks20
\answerlinelength=\skip64
\answerskip=\skip65
\answerclearance=\skip66
\fillinlinelength=\skip67
\linefillheight=\skip68
\linefillthickness=\skip69
\dottedlinefillheight=\skip70
\gridsize=\skip71
\gridlinewidth=\skip72
\minboxheight=\skip73
\c@@iterator=\count285
\@cellwidth=\skip74
\c@tbl@points=\count286
\c@tbl@bonuspoints=\count287
\c@pq@index=\count288
\c@pq@index@pts=\count289
\c@pq@index@bpts=\count290
\c@num@cols=\count291
\c@num@rows=\count292
\c@current@row=\count293
\c@cols@done=\count294
\exam@box=\box51
\saved@totalleftmargin=\dimen141
\@sollistdepth=\count295
\exam@FrameRule=\dimen142
\exam@FrameSep=\dimen143
)
(/usr/share/texmf-dist/tex/latex/base/fontenc.sty
Package: fontenc 2021/04/29 v2.0v Standard LaTeX package
LaTeX Font Info:    Trying to load font information for T1+lmr on input line 11
2.

(/usr/share/texmf-dist/tex/latex/lm/t1lmr.fd
File: t1lmr.fd 2015/05/01 v1.6.1 Font defs for Latin Modern
))
(/usr/share/texmf-dist/tex/latex/fontspec/fontspec.sty
(/usr/share/texmf-dist/tex/latex/l3packages/xparse/xparse.sty
(/usr/share/texmf-dist/tex/latex/l3kernel/expl3.sty
Package: expl3 2023-02-22 L3 programming layer (loader) 

(/usr/share/texmf-dist/tex/latex/l3backend/l3backend-xetex.def
File: l3backend-xetex.def 2023-01-16 L3 backend support: XeTeX
\g__graphics_track_int=\count296
\l__pdf_internal_box=\box52
\g__pdf_backend_object_int=\count297
\g__pdf_backend_annotation_int=\count298
\g__pdf_backend_link_int=\count299
))
Package: xparse 2023-02-02 L3 Experimental document command parser
)
Package: fontspec 2022/01/15 v2.8a Font selection for XeLaTeX and LuaLaTeX

(/usr/share/texmf-dist/tex/latex/fontspec/fontspec-xetex.sty
Package: fontspec-xetex 2022/01/15 v2.8a Font selection for XeLaTeX and LuaLaTe
X
\l__fontspec_script_int=\count300
\l__fontspec_language_int=\count301
\l__fontspec_strnum_int=\count302
\l__fontspec_tmp_int=\count303
\l__fontspec_tmpa_int=\count304
\l__fontspec_tmpb_int=\count305
\l__fontspec_tmpc_int=\count306
\l__fontspec_em_int=\count307
\l__fontspec_emdef_int=\count308
\l__fontspec_strong_int=\count309
\l__fontspec_strongdef_int=\count310
\l__fontspec_tmpa_dim=\dimen144
\l__fontspec_tmpb_dim=\dimen145
\l__fontspec_tmpc_dim=\dimen146

(/usr/share/texmf-dist/tex/latex/base/fontenc.sty
Package: fontenc 2021/04/29 v2.0v Standard LaTeX package
)
(/usr/share/texmf-dist/tex/latex/fontspec/fontspec.cfg)))
(/usr/share/texmf-dist/tex/latex/graphics/graphicx.sty
Package: graphicx 2021/09/16 v1.2d Enhanced LaTeX Graphics (DPC,SPQR)

(/usr/share/texmf-dist/tex/latex/graphics/keyval.sty
Package: keyval 2022/05/29 v1.15 key=value parser (DPC)
\KV@toks@=\toks21
)
(/usr/share/texmf-dist/tex/latex/graphics/graphics.sty
Package: graphics 2022/03/10 v1.4e Standard LaTeX Graphics (DPC,SPQR)

(/usr/share/texmf-dist/tex/latex/graphics/trig.sty
Package: trig 2021/08/11 v1.11 sin cos tan (DPC)
)
(/usr/share/texmf-dist/tex/latex/graphics-cfg/graphics.cfg
File: graphics.cfg 2016/06/04 v1.11 sample graphics configuration
)
Package graphics Info: Driver file: xetex.def on input line 107.

(/usr/share/texmf-dist/tex/latex/graphics-def/xetex.def
File: xetex.def 2022/09/22 v5.0n Graphics/color driver for xetex
))
\Gin@req@height=\dimen147
\Gin@req@width=\dimen148
)
(/usr/share/texmf-dist/tex/latex/amsmath/amsmath.sty
Package: amsmath 2022/04/08 v2.17n AMS math features
\@mathmargin=\skip75

For additional information on amsmath, use the `?' option.
(/usr/share/texmf-dist/tex/latex/amsmath/amstext.sty
Package: amstext 2021/08/26 v2.01 AMS text

(/usr/share/texmf-dist/tex/latex/amsmath/amsgen.sty
File: amsgen.sty 1999/11/30 v2.0 generic functions
\@emptytoks=\toks22
\ex@=\dimen149
))
(/usr/share/texmf-dist/tex/latex/amsmath/amsbsy.sty
Package: amsbsy 1999/11/29 v1.2d Bold Symbols
\pmbraise@=\dimen150
)
(/usr/share/texmf-dist/tex/latex/amsmath/amsopn.sty
Package: amsopn 2022/04/08 v2.04 operator names
)
\inf@bad=\count311
LaTeX Info: Redefining \frac on input line 234.
\uproot@=\count312
\leftroot@=\count313
LaTeX Info: Redefining \overline on input line 399.
LaTeX Info: Redefining \colon on input line 410.
\classnum@=\count314
\DOTSCASE@=\count315
LaTeX Info: Redefining \ldots on input line 496.
LaTeX Info: Redefining \dots on input line 499.
LaTeX Info: Redefining \cdots on input line 620.
\Mathstrutbox@=\box53
\strutbox@=\box54
LaTeX Info: Redefining \big on input line 722.
LaTeX Info: Redefining \Big on input line 723.
LaTeX Info: Redefining \bigg on input line 724.
LaTeX Info: Redefining \Bigg on input line 725.
\big@size=\dimen151
LaTeX Font Info:    Redeclaring font encoding OML on input line 743.
LaTeX Font Info:    Redeclaring font encoding OMS on input line 744.
\macc@depth=\count316
LaTeX Info: Redefining \bmod on input line 905.
LaTeX Info: Redefining \pmod on input line 910.
LaTeX Info: Redefining \smash on input line 940.
LaTeX Info: Redefining \relbar on input line 970.
LaTeX Info: Redefining \Relbar on input line 971.
\c@MaxMatrixCols=\count317
\dotsspace@=\muskip16
\c@parentequation=\count318
\dspbrk@lvl=\count319
\tag@help=\toks23
\row@=\count320
\column@=\count321
\maxfields@=\count322
\andhelp@=\toks24
\eqnshift@=\dimen152
\alignsep@=\dimen153
\tagshift@=\dimen154
\tagwidth@=\dimen155
\totwidth@=\dimen156
\lineht@=\dimen157
\@envbody=\toks25
\multlinegap=\skip76
\multlinetaggap=\skip77
\mathdisplay@stack=\toks26
LaTeX Info: Redefining \[ on input line 2953.
LaTeX Info: Redefining \] on input line 2954.
)
(/usr/share/texmf-dist/tex/latex/geometry/geometry.sty
Package: geometry 2020/01/02 v5.9 Page Geometry

(/usr/share/texmf-dist/tex/generic/iftex/ifvtex.sty
Package: ifvtex 2019/10/25 v1.7 ifvtex legacy package. Use iftex instead.

(/usr/share/texmf-dist/tex/generic/iftex/iftex.sty
Package: iftex 2022/02/03 v1.0f TeX engine tests
))
\Gm@cnth=\count323
\Gm@cntv=\count324
\c@Gm@tempcnt=\count325
\Gm@bindingoffset=\dimen158
\Gm@wd@mp=\dimen159
\Gm@odd@mp=\dimen160
\Gm@even@mp=\dimen161
\Gm@layoutwidth=\dimen162
\Gm@layoutheight=\dimen163
\Gm@layouthoffset=\dimen164
\Gm@layoutvoffset=\dimen165
\Gm@dimlist=\toks27
)
(/usr/share/texmf-dist/tex/latex/tools/multicol.sty
Package: multicol 2021/11/30 v1.9d multicolumn formatting (FMi)
\c@tracingmulticols=\count326
\mult@box=\box55
\multicol@leftmargin=\dimen166
\c@unbalance=\count327
\c@collectmore=\count328
\doublecol@number=\count329
\multicoltolerance=\count330
\multicolpretolerance=\count331
\full@width=\dimen167
\page@free=\dimen168
\premulticols=\dimen169
\postmulticols=\dimen170
\multicolsep=\skip78
\multicolbaselineskip=\skip79
\partial@page=\box56
\last@line=\box57
\maxbalancingoverflow=\dimen171
\mult@rightbox=\box58
\mult@grightbox=\box59
\mult@firstbox=\box60
\mult@gfirstbox=\box61
\@tempa=\box62
\@tempa=\box63
\@tempa=\box64
\@tempa=\box65
\@tempa=\box66
\@tempa=\box67
\@tempa=\box68
\@tempa=\box69
\@tempa=\box70
\@tempa=\box71
\@tempa=\box72
\@tempa=\box73
\@tempa=\box74
\@tempa=\box75
\@tempa=\box76
\@tempa=\box77
\@tempa=\box78
\@tempa=\box79
\@tempa=\box80
\@tempa=\box81
\@tempa=\box82
\@tempa=\box83
\@tempa=\box84
\@tempa=\box85
\@tempa=\box86
\@tempa=\box87
\@tempa=\box88
\@tempa=\box89
\@tempa=\box90
\@tempa=\box91
\@tempa=\box92
\@tempa=\box93
\@tempa=\box94
\@tempa=\box95
\@tempa=\box96
\@tempa=\box97
\c@minrows=\count332
\c@columnbadness=\count333
\c@finalcolumnbadness=\count334
\last@try=\dimen172
\multicolovershoot=\dimen173
\multicolundershoot=\dimen174
\mult@nat@firstbox=\box98
\colbreak@box=\box99
\mc@col@check@num=\count335
) (output/output.aux

LaTeX Warning: Label `question@1' multiply defined.


LaTeX Warning: Label `question@2' multiply defined.


LaTeX Warning: Label `question@3' multiply defined.


LaTeX Warning: Label `question@4' multiply defined.


LaTeX Warning: Label `question@5' multiply defined.


LaTeX Warning: Label `question@6' multiply defined.


LaTeX Warning: Label `question@7' multiply defined.


LaTeX Warning: Label `question@8' multiply defined.


LaTeX Warning: Label `question@9' multiply defined.


LaTeX Warning: Label `question@10' multiply defined.


LaTeX Warning: Label `question@11' multiply defined.


LaTeX Warning: Label `question@12' multiply defined.


LaTeX Warning: Label `question@13' multiply defined.


LaTeX Warning: Label `question@14' multiply defined.


LaTeX Warning: Label `question@15' multiply defined.


LaTeX Warning: Label `question@16' multiply defined.


LaTeX Warning: Label `question@17' multiply defined.


LaTeX Warning: Label `question@18' multiply defined.


LaTeX Warning: Label `question@19' multiply defined.


LaTeX Warning: Label `question@20' multiply defined.


LaTeX Warning: Label `question@21' multiply defined.


LaTeX Warning: Label `question@22' multiply defined.


LaTeX Warning: Label `question@23' multiply defined.


LaTeX Warning: Label `question@24' multiply defined.


LaTeX Warning: Label `question@25' multiply defined.


LaTeX Warning: Label `question@26' multiply defined.


LaTeX Warning: Label `question@27' multiply defined.


LaTeX Warning: Label `question@28' multiply defined.


LaTeX Warning: Label `question@29' multiply defined.


LaTeX Warning: Label `question@30' multiply defined.


LaTeX Warning: Label `question@31' multiply defined.


LaTeX Warning: Label `question@32' multiply defined.


LaTeX Warning: Label `question@33' multiply defined.


LaTeX Warning: Label `question@34' multiply defined.


LaTeX Warning: Label `question@35' multiply defined.


LaTeX Warning: Label `question@36' multiply defined.


LaTeX Warning: Label `question@37' multiply defined.


LaTeX Warning: Label `question@38' multiply defined.


LaTeX Warning: Label `question@39' multiply defined.


LaTeX Warning: Label `question@40' multiply defined.


LaTeX Warning: Label `question@41' multiply defined.


LaTeX Warning: Label `question@42' multiply defined.


LaTeX Warning: Label `question@43' multiply defined.


LaTeX Warning: Label `question@44' multiply defined.


LaTeX Warning: Label `question@45' multiply defined.


LaTeX Warning: Label `question@46' multiply defined.


LaTeX Warning: Label `question@47' multiply defined.


LaTeX Warning: Label `question@48' multiply defined.


LaTeX Warning: Label `question@49' multiply defined.


LaTeX Warning: Label `question@50' multiply defined.


LaTeX Warning: Label `question@51' multiply defined.


LaTeX Warning: Label `question@52' multiply defined.


LaTeX Warning: Label `question@53' multiply defined.


LaTeX Warning: Label `question@54' multiply defined.


LaTeX Warning: Label `question@55' multiply defined.


LaTeX Warning: Label `question@56' multiply defined.


LaTeX Warning: Label `question@57' multiply defined.


LaTeX Warning: Label `question@58' multiply defined.


LaTeX Warning: Label `question@59' multiply defined.


LaTeX Warning: Label `question@60' multiply defined.

)
\openout1 = `output.aux'.

LaTeX Font Info:    Checking defaults for OML/cmm/m/it on input line 44.
LaTeX Font Info:    ... okay on input line 44.
LaTeX Font Info:    Checking defaults for OMS/cmsy/m/n on input line 44.
LaTeX Font Info:    ... okay on input line 44.
LaTeX Font Info:    Checking defaults for OT1/cmr/m/n on input line 44.
LaTeX Font Info:    ... okay on input line 44.
LaTeX Font Info:    Checking defaults for T1/cmr/m/n on input line 44.
LaTeX Font Info:    ... okay on input line 44.
LaTeX Font Info:    Checking defaults for TS1/cmr/m/n on input line 44.
LaTeX Font Info:    Trying to load font information for TS1+cmr on input line 4
4.
 (/usr/share/texmf-dist/tex/latex/base/ts1cmr.fd
File: ts1cmr.fd 2022/07/10 v2.5l Standard LaTeX font definitions
)
LaTeX Font Info:    ... okay on input line 44.
LaTeX Font Info:    Checking defaults for TU/lmr/m/n on input line 44.
LaTeX Font Info:    ... okay on input line 44.
LaTeX Font Info:    Checking defaults for OMX/cmex/m/n on input line 44.
LaTeX Font Info:    ... okay on input line 44.
LaTeX Font Info:    Checking defaults for U/cmr/m/n on input line 44.
LaTeX Font Info:    ... okay on input line 44.

Package fontspec Info: Adjusting the maths setup (use [no-math] to avoid
(fontspec)             this).

\symlegacymaths=\mathgroup4
LaTeX Font Info:    Overwriting symbol font `legacymaths' in version `bold'
(Font)                  OT1/cmr/m/n --> OT1/cmr/bx/n on input line 44.
LaTeX Font Info:    Redeclaring math accent \acute on input line 44.
LaTeX Font Info:    Redeclaring math accent \grave on input line 44.
LaTeX Font Info:    Redeclaring math accent \ddot on input line 44.
LaTeX Font Info:    Redeclaring math accent \tilde on input line 44.
LaTeX Font Info:    Redeclaring math accent \bar on input line 44.
LaTeX Font Info:    Redeclaring math accent \breve on input line 44.
LaTeX Font Info:    Redeclaring math accent \check on input line 44.
LaTeX Font Info:    Redeclaring math accent \hat on input line 44.
LaTeX Font Info:    Redeclaring math accent \dot on input line 44.
LaTeX Font Info:    Redeclaring math accent \mathring on input line 44.
LaTeX Font Info:    Redeclaring math symbol \Gamma on input line 44.
LaTeX Font Info:    Redeclaring math symbol \Delta on input line 44.
LaTeX Font Info:    Redeclaring math symbol \Theta on input line 44.
LaTeX Font Info:    Redeclaring math symbol \Lambda on input line 44.
LaTeX Font Info:    Redeclaring math symbol \Xi on input line 44.
LaTeX Font Info:    Redeclaring math symbol \Pi on input line 44.
LaTeX Font Info:    Redeclaring math symbol \Sigma on input line 44.
LaTeX Font Info:    Redeclaring math symbol \Upsilon on input line 44.
LaTeX Font Info:    Redeclaring math symbol \Phi on input line 44.
LaTeX Font Info:    Redeclaring math symbol \Psi on input line 44.
LaTeX Font Info:    Redeclaring math symbol \Omega on input line 44.
LaTeX Font Info:    Redeclaring math symbol \mathdollar on input line 44.
LaTeX Font Info:    Redeclaring symbol font `operators' on input line 44.
LaTeX Font Info:    Encoding `OT1' has changed to `TU' for symbol font
(Font)              `operators' in the math version `normal' on input line 44.
LaTeX Font Info:    Overwriting symbol font `operators' in version `normal'
(Font)                  OT1/cmr/m/n --> TU/lmr/m/n on input line 44.
LaTeX Font Info:    Encoding `OT1' has changed to `TU' for symbol font
(Font)              `operators' in the math version `bold' on input line 44.
LaTeX Font Info:    Overwriting symbol font `operators' in version `bold'
(Font)                  OT1/cmr/bx/n --> TU/lmr/m/n on input line 44.
LaTeX Font Info:    Overwriting symbol font `operators' in version `normal'
(Font)                  TU/lmr/m/n --> TU/lmr/m/n on input line 44.
LaTeX Font Info:    Overwriting math alphabet `\mathit' in version `normal'
(Font)                  OT1/cmr/m/it --> TU/lmr/m/it on input line 44.
LaTeX Font Info:    Overwriting math alphabet `\mathbf' in version `normal'
(Font)                  OT1/cmr/bx/n --> TU/lmr/b/n on input line 44.
LaTeX Font Info:    Overwriting math alphabet `\mathsf' in version `normal'
(Font)                  OT1/cmss/m/n --> TU/lmss/m/n on input line 44.
LaTeX Font Info:    Overwriting math alphabet `\mathtt' in version `normal'
(Font)                  OT1/cmtt/m/n --> TU/lmtt/m/n on input line 44.
LaTeX Font Info:    Overwriting symbol font `operators' in version `bold'
(Font)                  TU/lmr/m/n --> TU/lmr/b/n on input line 44.
LaTeX Font Info:    Overwriting math alphabet `\mathit' in version `bold'
(Font)                  OT1/cmr/bx/it --> TU/lmr/b/it on input line 44.
LaTeX Font Info:    Overwriting math alphabet `\mathsf' in version `bold'
(Font)                  OT1/cmss/bx/n --> TU/lmss/b/n on input line 44.
LaTeX Font Info:    Overwriting math alphabet `\mathtt' in version `bold'
(Font)                  OT1/cmtt/m/n --> TU/lmtt/b/n on input line 44.

*geometry* driver: auto-detecting
*geometry* detected driver: xetex
*geometry* verbose mode - [ preamble ] result:
* driver: xetex
* paper: letterpaper
* layout: <same size as paper>
* layoutoffset:(h,v)=(0.0pt,0.0pt)
* modes: 
* h-part:(L,W,R)=(72.26999pt, 469.75502pt, 72.26999pt)
* v-part:(T,H,B)=(72.26999pt, 650.43001pt, 72.26999pt)
* \paperwidth=614.295pt
* \paperheight=794.96999pt
* \textwidth=469.75502pt
* \textheight=650.43001pt
* \oddsidemargin=0.0pt
* \evensidemargin=0.0pt
* \topmargin=-30.0pt
* \headheight=15.0pt
* \headsep=15.0pt
* \topskip=12.0pt
* \footskip=29.0pt
* \marginparwidth=36.135pt
* \marginparsep=5.0pt
* \columnsep=10.0pt
* \skip\footins=10.8pt plus 4.0pt minus 2.0pt
* \hoffset=0.0pt
* \voffset=0.0pt
* \mag=1000
* \@twocolumnfalse
* \@twosidefalse
* \@mparswitchfalse
* \@reversemarginfalse
* (1in=72.27pt=25.4mm, 1cm=28.453pt)


Underfull \hbox (badness 10000) in paragraph at lines 49--49

 []


Underfull \hbox (badness 10000) in paragraph at lines 50--50

 []


Underfull \hbox (badness 10000) in paragraph at lines 51--51

 []


Underfull \hbox (badness 10000) in paragraph at lines 52--52

 []


Underfull \hbox (badness 10000) in paragraph at lines 53--53

 []


Underfull \hbox (badness 10000) in paragraph at lines 57--57

 []


Underfull \hbox (badness 10000) in paragraph at lines 58--58

 []


Underfull \hbox (badness 10000) in paragraph at lines 59--59

 []


Underfull \hbox (badness 10000) in paragraph at lines 60--60

 []


Underfull \hbox (badness 10000) in paragraph at lines 61--61

 []


Underfull \hbox (badness 10000) in paragraph at lines 65--65

 []


Underfull \hbox (badness 10000) in paragraph at lines 66--66

 []


Underfull \hbox (badness 10000) in paragraph at lines 67--67

 []


Underfull \hbox (badness 10000) in paragraph at lines 68--68

 []


Underfull \hbox (badness 10000) in paragraph at lines 69--69

 []


Underfull \hbox (badness 10000) in paragraph at lines 73--73

 []


Underfull \hbox (badness 10000) in paragraph at lines 74--74

 []


Underfull \hbox (badness 10000) in paragraph at lines 75--75

 []


Underfull \hbox (badness 10000) in paragraph at lines 76--76

 []


Underfull \hbox (badness 10000) in paragraph at lines 77--77

 []


Underfull \hbox (badness 10000) in paragraph at lines 81--81

 []


Underfull \hbox (badness 10000) in paragraph at lines 82--82

 []


Underfull \hbox (badness 10000) in paragraph at lines 83--83

 []


Underfull \hbox (badness 10000) in paragraph at lines 84--84

 []


Underfull \hbox (badness 10000) in paragraph at lines 85--85

 []


Underfull \hbox (badness 10000) in paragraph at lines 89--89

 []


Underfull \hbox (badness 10000) in paragraph at lines 90--90

 []


Underfull \hbox (badness 10000) in paragraph at lines 91--91

 []


Underfull \hbox (badness 10000) in paragraph at lines 92--92

 []


Underfull \hbox (badness 10000) in paragraph at lines 93--93

 []


Underfull \hbox (badness 10000) in paragraph at lines 97--97

 []


Underfull \hbox (badness 10000) in paragraph at lines 98--98

 []


Underfull \hbox (badness 10000) in paragraph at lines 99--99

 []


Underfull \hbox (badness 10000) in paragraph at lines 100--100

 []


Underfull \hbox (badness 10000) in paragraph at lines 101--101

 []


Underfull \hbox (badness 10000) in paragraph at lines 105--105

 []


Underfull \hbox (badness 10000) in paragraph at lines 106--106

 []


Underfull \hbox (badness 10000) in paragraph at lines 107--107

 []


Underfull \hbox (badness 10000) in paragraph at lines 108--108

 []


Underfull \hbox (badness 10000) in paragraph at lines 109--109

 []


Underfull \hbox (badness 10000) in paragraph at lines 113--113

 []


Underfull \hbox (badness 10000) in paragraph at lines 114--114

 []


Underfull \hbox (badness 10000) in paragraph at lines 115--115

 []


Underfull \hbox (badness 10000) in paragraph at lines 116--116

 []


Underfull \hbox (badness 10000) in paragraph at lines 117--117

 []


Underfull \hbox (badness 10000) in paragraph at lines 121--121

 []


Underfull \hbox (badness 10000) in paragraph at lines 122--122

 []


Underfull \hbox (badness 10000) in paragraph at lines 123--123

 []


Underfull \hbox (badness 10000) in paragraph at lines 124--124

 []


Underfull \hbox (badness 10000) in paragraph at lines 125--125

 []


Underfull \hbox (badness 10000) in paragraph at lines 129--129

 []


Underfull \hbox (badness 10000) in paragraph at lines 130--130

 []


Underfull \hbox (badness 10000) in paragraph at lines 131--131

 []


Underfull \hbox (badness 10000) in paragraph at lines 132--132

 []


Underfull \hbox (badness 10000) in paragraph at lines 133--133

 []


Underfull \hbox (badness 10000) in paragraph at lines 137--137

 []


Underfull \hbox (badness 10000) in paragraph at lines 138--138

 []


Underfull \hbox (badness 10000) in paragraph at lines 139--139

 []


Underfull \hbox (badness 10000) in paragraph at lines 140--140

 []


Underfull \hbox (badness 10000) in paragraph at lines 141--141

 []

[1

]
Underfull \hbox (badness 10000) in paragraph at lines 149--149

 []


Underfull \hbox (badness 10000) in paragraph at lines 150--150

 []


Underfull \hbox (badness 10000) in paragraph at lines 151--151

 []


Underfull \hbox (badness 10000) in paragraph at lines 152--152

 []


Underfull \hbox (badness 10000) in paragraph at lines 153--153

 []


Underfull \hbox (badness 10000) in paragraph at lines 157--157

 []


Underfull \hbox (badness 10000) in paragraph at lines 158--158

 []


Underfull \hbox (badness 10000) in paragraph at lines 159--159

 []


Underfull \hbox (badness 10000) in paragraph at lines 160--160

 []


Underfull \hbox (badness 10000) in paragraph at lines 161--161

 []


Underfull \hbox (badness 10000) in paragraph at lines 165--165

 []


Underfull \hbox (badness 10000) in paragraph at lines 166--166

 []


Underfull \hbox (badness 10000) in paragraph at lines 167--167

 []


Underfull \hbox (badness 10000) in paragraph at lines 168--168

 []


Underfull \hbox (badness 10000) in paragraph at lines 169--169

 []


Underfull \hbox (badness 10000) in paragraph at lines 173--173

 []


Underfull \hbox (badness 10000) in paragraph at lines 174--174

 []


Underfull \hbox (badness 10000) in paragraph at lines 175--175

 []


Underfull \hbox (badness 10000) in paragraph at lines 176--176

 []


Underfull \hbox (badness 10000) in paragraph at lines 177--177

 []


Underfull \hbox (badness 10000) in paragraph at lines 181--181

 []


Underfull \hbox (badness 10000) in paragraph at lines 182--182

 []


Underfull \hbox (badness 10000) in paragraph at lines 183--183

 []


Underfull \hbox (badness 10000) in paragraph at lines 184--184

 []


Underfull \hbox (badness 10000) in paragraph at lines 185--185

 []


Underfull \hbox (badness 10000) in paragraph at lines 189--189

 []


Underfull \hbox (badness 10000) in paragraph at lines 190--190

 []


Underfull \hbox (badness 10000) in paragraph at lines 191--191

 []


Underfull \hbox (badness 10000) in paragraph at lines 192--192

 []


Underfull \hbox (badness 10000) in paragraph at lines 193--193

 []


Underfull \hbox (badness 10000) in paragraph at lines 197--197

 []


Underfull \hbox (badness 10000) in paragraph at lines 198--198

 []


Underfull \hbox (badness 10000) in paragraph at lines 199--199

 []


Underfull \hbox (badness 10000) in paragraph at lines 200--200

 []


Underfull \hbox (badness 10000) in paragraph at lines 201--201

 []


Underfull \hbox (badness 10000) in paragraph at lines 205--205

 []


Underfull \hbox (badness 10000) in paragraph at lines 206--206

 []


Underfull \hbox (badness 10000) in paragraph at lines 207--207

 []


Underfull \hbox (badness 10000) in paragraph at lines 208--208

 []


Underfull \hbox (badness 10000) in paragraph at lines 209--209

 []


Underfull \hbox (badness 10000) in paragraph at lines 213--213

 []


Underfull \hbox (badness 10000) in paragraph at lines 214--214

 []


Underfull \hbox (badness 10000) in paragraph at lines 215--215

 []


Underfull \hbox (badness 10000) in paragraph at lines 216--216

 []


Underfull \hbox (badness 10000) in paragraph at lines 217--217

 []


Underfull \hbox (badness 10000) in paragraph at lines 221--221

 []


Underfull \hbox (badness 10000) in paragraph at lines 222--222

 []


Underfull \hbox (badness 10000) in paragraph at lines 223--223

 []


Underfull \hbox (badness 10000) in paragraph at lines 224--224

 []


Underfull \hbox (badness 10000) in paragraph at lines 225--225

 []


Underfull \hbox (badness 10000) in paragraph at lines 229--229

 []


Underfull \hbox (badness 10000) in paragraph at lines 230--230

 []


Underfull \hbox (badness 10000) in paragraph at lines 231--231

 []


Underfull \hbox (badness 10000) in paragraph at lines 232--232

 []


Underfull \hbox (badness 10000) in paragraph at lines 233--233

 []


Underfull \hbox (badness 10000) in paragraph at lines 237--237

 []


Underfull \hbox (badness 10000) in paragraph at lines 238--238

 []


Underfull \hbox (badness 10000) in paragraph at lines 239--239

 []


Underfull \hbox (badness 10000) in paragraph at lines 240--240

 []


Underfull \hbox (badness 10000) in paragraph at lines 241--241

 []

[2

]
This exam contains 120 questions with 0 parts, 0 subparts, and 0 subsubparts.
This exam has a total of 0 points.
This exam has a total of 0 bonus points.
(output/output.aux)

LaTeX Warning: There were multiply-defined labels.

 ) 
Here is how much of TeX's memory you used:
 6211 strings out of 478682
 145040 string characters out of 5849665
 1905018 words of memory out of 5000000
 26304 multiletter control sequences out of 15000+600000
 518728 words of font info for 49 fonts, out of 8000000 for 9000
 14 hyphenation exceptions out of 8191
 72i,10n,77p,258b,316s stack positions out of 10000i,1000n,20000p,200000b,200000s

Output written on output/output.xdv (2 pages, 22388 bytes).
